10/21/2019 17:29:45 INICIANDO...
10/21/2019 17:29:45 2.2.0.1
10/21/2019 17:29:45 Usuário: RH
10/21/2019 17:29:45 Versão do Sistema Operacional: 6.3.9600
10/21/2019 17:29:45 64 Bits: true
10/21/2019 17:29:45 Versão do Firefox. 67.0.0.7075 ( 67.0 )
10/21/2019 17:29:45 UAC: Ativado
10/21/2019 17:29:45 Verificando se Firefox está instalado...
10/21/2019 17:29:45 Firefox instalado, ajustando configurações necessárias...
10/21/2019 17:29:46 [Verificando Ambiente] Verificando...
10/21/2019 17:29:46 [Verificando Ambiente] Ativando Transport Layer Security (TLS)
10/21/2019 17:29:46 [Verificando Ambiente] Ok.
10/21/2019 17:29:46 [Arquivo hosts] Verificando...
10/21/2019 17:29:46 [Arquivo hosts] Ok.
10/21/2019 17:29:46 [Instalação de certificados raiz] Verificando...
10/21/2019 17:29:46 [Instalação de certificados raiz] Efetuando download do instalador...
10/21/2019 17:29:54 [Instalação de certificados raiz] Ok.
10/21/2019 17:29:54 [Terminal Services] Verificando...
10/21/2019 17:29:54 [Terminal Services] Ok.
10/21/2019 17:29:54 [Limpeza do cache IE] Verificando...
10/21/2019 17:29:55 [Limpeza do cache IE] Limpando...
10/21/2019 17:29:55 [Limpeza do cache IE] Ok.
10/21/2019 17:29:55 [Limpeza do cache MZ] Verificando...
10/21/2019 17:29:55 [Limpeza do cache MZ] Ok.
10/21/2019 17:29:55 [Instalando Módulo de Segurança] Verificando...
10/21/2019 17:29:55 [Instalando Módulo de Segurança] Efetuando download do instalador...
10/21/2019 17:30:17 [Instalando Módulo de Segurança] Instalando...
10/21/2019 17:31:38 [Instalando Módulo de Segurança] Ok.
10/21/2019 17:31:38 [Preparando Ambiente] Verificando...
10/21/2019 17:31:38 [Preparando Ambiente] Será necessário reiniciar o computador para finalizar a instalação.
10/21/2019 17:31:38 [Configurações do Módulo de Segurança] Verificando...
10/21/2019 17:31:39 [Configurações do Módulo de Segurança] Ok.
10/21/2019 17:31:39 [Instalando configurações da CAIXA] Verificando...
10/21/2019 17:31:49 [Instalando configurações da CAIXA] Ok.
10/21/2019 17:31:49 [Instalando certificado do Warsaw no Firefox] Verificando...
10/21/2019 17:31:49 [Instalando certificado do Warsaw no Firefox] Instalando...
10/21/2019 17:31:59 [Instalando certificado do Warsaw no Firefox] Ok.
10/21/2019 17:31:59 [Ajustando ambiente] Verificando...
10/21/2019 17:32:00 [Ajustando ambiente] Ok.
10/21/2019 17:32:06 Reiniciando o sistema...
10/21/2019 17:32:06 CONCLUÍDO.
10/21/2019 17:38:25 INICIANDO...
10/21/2019 17:38:25 2.2.0.1
10/21/2019 17:38:25 Usuário: RH
10/21/2019 17:38:25 Versão do Sistema Operacional: 6.3.9600
10/21/2019 17:38:25 64 Bits: true
10/21/2019 17:38:25 Versão do Firefox. 67.0.0.7075 ( 67.0 )
10/21/2019 17:38:25 UAC: Ativado
10/21/2019 17:38:25 Verificando se Firefox está instalado...
10/21/2019 17:38:25 Firefox instalado, ajustando configurações necessárias...
10/21/2019 17:38:25 [Verificando Ambiente] Verificando...
10/21/2019 17:38:26 [Verificando Ambiente] Ativando Transport Layer Security (TLS)
10/21/2019 17:38:26 [Verificando Ambiente] Ok.
10/21/2019 17:38:26 [Arquivo hosts] Verificando...
10/21/2019 17:38:26 [Arquivo hosts] Ok.
10/21/2019 17:38:26 [Instalação de certificados raiz] Verificando...
10/21/2019 17:38:26 [Instalação de certificados raiz] Efetuando download do instalador...
10/21/2019 17:38:34 [Instalação de certificados raiz] Ok.
10/21/2019 17:38:34 [Terminal Services] Verificando...
10/21/2019 17:38:34 [Terminal Services] Ok.
10/21/2019 17:38:34 [Limpeza do cache IE] Verificando...
10/21/2019 17:38:35 [Limpeza do cache IE] Limpando...
10/21/2019 17:38:35 [Limpeza do cache IE] Ok.
10/21/2019 17:38:35 [Limpeza do cache MZ] Verificando...
10/21/2019 17:38:35 [Limpeza do cache MZ] Ok.
10/21/2019 17:38:35 [Instalando Módulo de Segurança] Verificando...
10/21/2019 17:38:40 [Instalando Módulo de Segurança] Efetuando download do instalador...
10/21/2019 17:39:04 [Instalando Módulo de Segurança] Instalando...
10/21/2019 17:40:28 [Instalando Módulo de Segurança] Ok.
10/21/2019 17:40:28 [Preparando Ambiente] Verificando...
10/21/2019 17:40:28 [Preparando Ambiente] Ok.
10/21/2019 17:40:28 [Configurações do Módulo de Segurança] Verificando...
10/21/2019 17:40:28 [Configurações do Módulo de Segurança] Ok.
10/21/2019 17:40:28 [Instalando configurações da CAIXA] Verificando...
10/21/2019 17:52:58 [Instalando configurações da CAIXA] Ok.
10/21/2019 17:52:58 [Instalando certificado do Warsaw no Firefox] Verificando...
10/21/2019 17:52:58 [Instalando certificado do Warsaw no Firefox] Instalando...
10/21/2019 17:53:15 [Instalando certificado do Warsaw no Firefox] Ok.
10/21/2019 17:53:15 [Ajustando ambiente] Verificando...
10/21/2019 17:53:16 [Ajustando ambiente] Ok.
10/21/2019 17:53:16 [Concluindo execucao] Verificando...
10/21/2019 17:53:21 [Concluindo execucao] CONCLUÍDO.
10/21/2019 17:53:21 CONCLUÍDO.
